# JRE version: Java(TM) SE Runtime Environment (8.0_181-b13) (build 1.8.0_181-b13)
# Java VM: Java HotSpot(TM) 64-Bit Server VM (25.181-b13 mixed mode bsd-amd64 compressed oops)
Heap:
 PSYoungGen      total 47616K, used 25879K [0x000000078ab00000, 0x000000078e000000, 0x00000007c0000000)
  eden space 40960K, 63% used [0x000000078ab00000,0x000000078c445d78,0x000000078d300000)
  from space 6656K, 0% used [0x000000078d980000,0x000000078d980000,0x000000078e000000)
  to   space 6656K, 0% used [0x000000078d300000,0x000000078d300000,0x000000078d980000)
 ParOldGen       total 87552K, used 7944K [0x0000000720000000, 0x0000000725580000, 0x000000078ab00000)
  object space 87552K, 9% used [0x0000000720000000,0x00000007207c21d8,0x0000000725580000)
 Metaspace       used 22522K, capacity 23808K, committed 24320K, reserved 1071104K
  class space    used 3084K, capacity 3390K, committed 3584K, reserved 1048576K
GC Heap History (6 events):
Event: 60.616 GC heap before
{Heap before GC invocations=1 (full 0):
 PSYoungGen      total 47616K, used 40960K [0x000000078ab00000, 0x000000078e000000, 0x00000007c0000000)
  eden space 40960K, 100% used [0x000000078ab00000,0x000000078d300000,0x000000078d300000)
  from space 6656K, 0% used [0x000000078d980000,0x000000078d980000,0x000000078e000000)
  to   space 6656K, 0% used [0x000000078d300000,0x000000078d300000,0x000000078d980000)
 ParOldGen       total 109568K, used 0K [0x0000000720000000, 0x0000000726b00000, 0x000000078ab00000)
  object space 109568K, 0% used [0x0000000720000000,0x0000000720000000,0x0000000726b00000)
 Metaspace       used 14948K, capacity 15792K, committed 16000K, reserved 1062912K
  class space    used 1957K, capacity 2144K, committed 2176K, reserved 1048576K
Event: 60.873 GC heap after
Heap after GC invocations=1 (full 0):
 PSYoungGen      total 47616K, used 6655K [0x000000078ab00000, 0x000000078e000000, 0x00000007c0000000)
  eden space 40960K, 0% used [0x000000078ab00000,0x000000078ab00000,0x000000078d300000)
  from space 6656K, 99% used [0x000000078d300000,0x000000078d97ffa8,0x000000078d980000)
  to   space 6656K, 0% used [0x000000078d980000,0x000000078d980000,0x000000078e000000)
 ParOldGen       total 109568K, used 1573K [0x0000000720000000, 0x0000000726b00000, 0x000000078ab00000)
  object space 109568K, 1% used [0x0000000720000000,0x00000007201896c0,0x0000000726b00000)
 Metaspace       used 14948K, capacity 15792K, committed 16000K, reserved 1062912K
  class space    used 1957K, capacity 2144K, committed 2176K, reserved 1048576K
}
Event: 113.828 GC heap before
{Heap before GC invocations=2 (full 0):
 PSYoungGen      total 47616K, used 34858K [0x000000078ab00000, 0x000000078e000000, 0x00000007c0000000)
  eden space 40960K, 68% used [0x000000078ab00000,0x000000078c68aaf8,0x000000078d300000)
  from space 6656K, 99% used [0x000000078d300000,0x000000078d97ffa8,0x000000078d980000)
  to   space 6656K, 0% used [0x000000078d980000,0x000000078d980000,0x000000078e000000)
 ParOldGen       total 109568K, used 1573K [0x0000000720000000, 0x0000000726b00000, 0x000000078ab00000)
  object space 109568K, 1% used [0x0000000720000000,0x00000007201896c0,0x0000000726b00000)
 Metaspace       used 19983K, capacity 21274K, committed 21296K, reserved 1067008K
  class space    used 2626K, capacity 2933K, committed 2944K, reserved 1048576K
Event: 113.843 GC heap after
Heap after GC invocations=2 (full 0):
 PSYoungGen      total 47616K, used 6643K [0x000000078ab00000, 0x000000078e000000, 0x00000007c0000000)
  eden space 40960K, 0% used [0x000000078ab00000,0x000000078ab00000,0x000000078d300000)
  from space 6656K, 99% used [0x000000078d980000,0x000000078dffce88,0x000000078e000000)
  to   space 6656K, 0% used [0x000000078d300000,0x000000078d300000,0x000000078d980000)
 ParOldGen       total 109568K, used 3094K [0x0000000720000000, 0x0000000726b00000, 0x000000078ab00000)
  object space 109568K, 2% used [0x0000000720000000,0x0000000720305858,0x0000000726b00000)
 Metaspace       used 19983K, capacity 21274K, committed 21296K, reserved 1067008K
  class space    used 2626K, capacity 2933K, committed 2944K, reserved 1048576K
}
Event: 113.911 GC heap before
{Heap before GC invocations=3 (full 1):
 PSYoungGen      total 47616K, used 6643K [0x000000078ab00000, 0x000000078e000000, 0x00000007c0000000)
  eden space 40960K, 0% used [0x000000078ab00000,0x000000078ab00000,0x000000078d300000)
  from space 6656K, 99% used [0x000000078d980000,0x000000078dffce88,0x000000078e000000)
  to   space 6656K, 0% used [0x000000078d300000,0x000000078d300000,0x000000078d980000)
 ParOldGen       total 109568K, used 3094K [0x0000000720000000, 0x0000000726b00000, 0x000000078ab00000)
  object space 109568K, 2% used [0x0000000720000000,0x0000000720305858,0x0000000726b00000)
 Metaspace       used 19983K, capacity 21274K, committed 21296K, reserved 1067008K
  class space    used 2626K, capacity 2933K, committed 2944K, reserved 1048576K
Event: 115.004 GC heap after
Heap after GC invocations=3 (full 1):
 PSYoungGen      total 47616K, used 0K [0x000000078ab00000, 0x000000078e000000, 0x00000007c0000000)
  eden space 40960K, 0% used [0x000000078ab00000,0x000000078ab00000,0x000000078d300000)
  from space 6656K, 0% used [0x000000078d980000,0x000000078d980000,0x000000078e000000)
  to   space 6656K, 0% used [0x000000078d300000,0x000000078d300000,0x000000078d980000)
 ParOldGen       total 87552K, used 7944K [0x0000000720000000, 0x0000000725580000, 0x000000078ab00000)
  object space 87552K, 9% used [0x0000000720000000,0x00000007207c21d8,0x0000000725580000)
 Metaspace       used 19775K, capacity 20832K, committed 21296K, reserved 1067008K
  class space    used 2550K, capacity 2806K, committed 2944K, reserved 1048576K
}

