# JRE version: OpenJDK Runtime Environment (8.0_222-b10) (build 1.8.0_222-8u222-b10-1ubuntu1~18.04.1-b10)
# Java VM: OpenJDK 64-Bit Server VM (25.222-b10 mixed mode linux-amd64 compressed oops)
Heap:
 PSYoungGen      total 74752K, used 17165K [0x000000076d300000, 0x0000000772600000, 0x00000007c0000000)
  eden space 64512K, 26% used [0x000000076d300000,0x000000076e3c3420,0x0000000771200000)
  from space 10240K, 0% used [0x0000000771c00000,0x0000000771c00000,0x0000000772600000)
  to   space 10240K, 0% used [0x0000000771200000,0x0000000771200000,0x0000000771c00000)
 ParOldGen       total 114688K, used 7564K [0x00000006c7800000, 0x00000006ce800000, 0x000000076d300000)
  object space 114688K, 6% used [0x00000006c7800000,0x00000006c7f63358,0x00000006ce800000)
 Metaspace       used 21578K, capacity 22758K, committed 22912K, reserved 1069056K
  class space    used 2919K, capacity 3198K, committed 3200K, reserved 1048576K
GC Heap History (6 events):
Event: 1,265 GC heap before
{Heap before GC invocations=1 (full 0):
 PSYoungGen      total 74752K, used 64512K [0x000000076d300000, 0x0000000772600000, 0x00000007c0000000)
  eden space 64512K, 100% used [0x000000076d300000,0x0000000771200000,0x0000000771200000)
  from space 10240K, 0% used [0x0000000771c00000,0x0000000771c00000,0x0000000772600000)
  to   space 10240K, 0% used [0x0000000771200000,0x0000000771200000,0x0000000771c00000)
 ParOldGen       total 171008K, used 0K [0x00000006c7800000, 0x00000006d1f00000, 0x000000076d300000)
  object space 171008K, 0% used [0x00000006c7800000,0x00000006c7800000,0x00000006d1f00000)
 Metaspace       used 17682K, capacity 18596K, committed 18944K, reserved 1064960K
  class space    used 2241K, capacity 2452K, committed 2560K, reserved 1048576K
Event: 1,274 GC heap after
Heap after GC invocations=1 (full 0):
 PSYoungGen      total 74752K, used 10210K [0x000000076d300000, 0x0000000772600000, 0x00000007c0000000)
  eden space 64512K, 0% used [0x000000076d300000,0x000000076d300000,0x0000000771200000)
  from space 10240K, 99% used [0x0000000771200000,0x0000000771bf8868,0x0000000771c00000)
  to   space 10240K, 0% used [0x0000000771c00000,0x0000000771c00000,0x0000000772600000)
 ParOldGen       total 171008K, used 352K [0x00000006c7800000, 0x00000006d1f00000, 0x000000076d300000)
  object space 171008K, 0% used [0x00000006c7800000,0x00000006c78580b0,0x00000006d1f00000)
 Metaspace       used 17682K, capacity 18596K, committed 18944K, reserved 1064960K
  class space    used 2241K, capacity 2452K, committed 2560K, reserved 1048576K
}
Event: 2,070 GC heap before
{Heap before GC invocations=2 (full 0):
 PSYoungGen      total 74752K, used 24954K [0x000000076d300000, 0x0000000772600000, 0x00000007c0000000)
  eden space 64512K, 22% used [0x000000076d300000,0x000000076e1660a8,0x0000000771200000)
  from space 10240K, 99% used [0x0000000771200000,0x0000000771bf8868,0x0000000771c00000)
  to   space 10240K, 0% used [0x0000000771c00000,0x0000000771c00000,0x0000000772600000)
 ParOldGen       total 171008K, used 352K [0x00000006c7800000, 0x00000006d1f00000, 0x000000076d300000)
  object space 171008K, 0% used [0x00000006c7800000,0x00000006c78580b0,0x00000006d1f00000)
 Metaspace       used 20189K, capacity 21228K, committed 21296K, reserved 1067008K
  class space    used 2640K, capacity 2894K, committed 2944K, reserved 1048576K
Event: 2,077 GC heap after
Heap after GC invocations=2 (full 0):
 PSYoungGen      total 74752K, used 7825K [0x000000076d300000, 0x0000000772600000, 0x00000007c0000000)
  eden space 64512K, 0% used [0x000000076d300000,0x000000076d300000,0x0000000771200000)
  from space 10240K, 76% used [0x0000000771c00000,0x00000007723a45d0,0x0000000772600000)
  to   space 10240K, 0% used [0x0000000771200000,0x0000000771200000,0x0000000771c00000)
 ParOldGen       total 171008K, used 360K [0x00000006c7800000, 0x00000006d1f00000, 0x000000076d300000)
  object space 171008K, 0% used [0x00000006c7800000,0x00000006c785a0b0,0x00000006d1f00000)
 Metaspace       used 20189K, capacity 21228K, committed 21296K, reserved 1067008K
  class space    used 2640K, capacity 2894K, committed 2944K, reserved 1048576K
}
Event: 2,077 GC heap before
{Heap before GC invocations=3 (full 1):
 PSYoungGen      total 74752K, used 7825K [0x000000076d300000, 0x0000000772600000, 0x00000007c0000000)
  eden space 64512K, 0% used [0x000000076d300000,0x000000076d300000,0x0000000771200000)
  from space 10240K, 76% used [0x0000000771c00000,0x00000007723a45d0,0x0000000772600000)
  to   space 10240K, 0% used [0x0000000771200000,0x0000000771200000,0x0000000771c00000)
 ParOldGen       total 171008K, used 360K [0x00000006c7800000, 0x00000006d1f00000, 0x000000076d300000)
  object space 171008K, 0% used [0x00000006c7800000,0x00000006c785a0b0,0x00000006d1f00000)
 Metaspace       used 20189K, capacity 21228K, committed 21296K, reserved 1067008K
  class space    used 2640K, capacity 2894K, committed 2944K, reserved 1048576K
Event: 2,107 GC heap after
Heap after GC invocations=3 (full 1):
 PSYoungGen      total 74752K, used 0K [0x000000076d300000, 0x0000000772600000, 0x00000007c0000000)
  eden space 64512K, 0% used [0x000000076d300000,0x000000076d300000,0x0000000771200000)
  from space 10240K, 0% used [0x0000000771c00000,0x0000000771c00000,0x0000000772600000)
  to   space 10240K, 0% used [0x0000000771200000,0x0000000771200000,0x0000000771c00000)
 ParOldGen       total 114688K, used 7564K [0x00000006c7800000, 0x00000006ce800000, 0x000000076d300000)
  object space 114688K, 6% used [0x00000006c7800000,0x00000006c7f63358,0x00000006ce800000)
 Metaspace       used 20189K, capacity 21228K, committed 21296K, reserved 1067008K
  class space    used 2640K, capacity 2894K, committed 2944K, reserved 1048576K
}

